<?xml version="1.0" encoding="UTF-8"?>
<!-- Generated by org.testng.reporters.JUnitReportReporter -->
<testsuite hostname="DESKTOP-IS23G8O" failures="0" tests="3" name="Task.ApiRequest" time="2.984" errors="0" timestamp="2023-11-25T00:03:54 IST" skipped="0">
  <testcase classname="Task.ApiRequest" name="getUsers" time="2.012"/>
  <testcase classname="Task.ApiRequest" name="CreateUser" time="0.618"/>
  <testcase classname="Task.ApiRequest" name="updateUser" time="0.354"/>
</testsuite> <!-- Task.ApiRequest -->
